2025-02-28 10:30:27,916 - INFO - Loaded 566 techniques
2025-02-28 10:30:27,918 - INFO - Loaded attack rule map.
2025-02-28 10:31:25,279 - INFO - Saved enriched technique T1001
2025-02-28 10:32:21,834 - INFO - Saved enriched technique T1001.001
2025-02-28 10:33:28,780 - INFO - Saved enriched technique T1001.002
2025-02-28 10:34:20,212 - INFO - Saved enriched technique T1001.003
2025-02-28 10:35:07,977 - INFO - Loaded 566 techniques
2025-02-28 10:35:07,979 - INFO - Loaded attack rule map.
2025-02-28 10:35:07,979 - INFO - Technique T1001 already processed. Skipping.
2025-02-28 10:35:07,979 - INFO - Technique T1001.001 already processed. Skipping.
2025-02-28 10:35:07,979 - INFO - Technique T1001.002 already processed. Skipping.
2025-02-28 10:35:07,980 - INFO - Technique T1001.003 already processed. Skipping.
2025-02-28 10:36:06,962 - INFO - Saved enriched technique T1003
2025-02-28 10:37:09,770 - INFO - Saved enriched technique T1003.001
2025-02-28 10:38:03,289 - INFO - Saved enriched technique T1003.002
2025-02-28 10:39:06,062 - INFO - Saved enriched technique T1003.003
2025-02-28 10:40:05,491 - INFO - Saved enriched technique T1003.004
2025-02-28 10:41:03,927 - INFO - Saved enriched technique T1003.005
2025-02-28 10:42:02,770 - INFO - Saved enriched technique T1003.006
2025-02-28 10:43:00,030 - INFO - Saved enriched technique T1003.007
2025-02-28 10:43:57,045 - INFO - Saved enriched technique T1003.008
2025-02-28 10:44:49,532 - INFO - Saved enriched technique T1005
2025-02-28 10:45:40,979 - INFO - Saved enriched technique T1006
2025-02-28 10:46:32,830 - INFO - Saved enriched technique T1007
2025-02-28 10:47:23,869 - INFO - Saved enriched technique T1008
2025-02-28 10:48:15,177 - INFO - Saved enriched technique T1010
2025-02-28 10:49:09,335 - INFO - Saved enriched technique T1011
2025-02-28 10:50:07,143 - INFO - Saved enriched technique T1011.001
2025-02-28 10:51:06,481 - INFO - Saved enriched technique T1012
2025-02-28 10:52:04,597 - INFO - Saved enriched technique T1014
2025-02-28 10:53:04,216 - INFO - Saved enriched technique T1016
2025-02-28 10:54:01,549 - INFO - Saved enriched technique T1016.001
2025-02-28 10:54:57,822 - INFO - Saved enriched technique T1018
2025-02-28 10:55:50,335 - INFO - Saved enriched technique T1020
2025-02-28 10:56:41,411 - INFO - Saved enriched technique T1020.001
2025-02-28 10:57:32,991 - INFO - Saved enriched technique T1021
2025-02-28 10:58:26,072 - INFO - Saved enriched technique T1021.001
2025-02-28 10:59:21,789 - INFO - Saved enriched technique T1021.002
2025-02-28 11:00:20,775 - INFO - Saved enriched technique T1021.003
2025-02-28 11:01:18,695 - INFO - Saved enriched technique T1021.004
2025-02-28 11:02:15,714 - INFO - Saved enriched technique T1021.005
2025-02-28 11:03:17,007 - INFO - Saved enriched technique T1021.006
2025-02-28 11:04:22,477 - INFO - Saved enriched technique T1025
2025-02-28 11:05:32,608 - INFO - Saved enriched technique T1027
2025-02-28 11:06:31,855 - INFO - Saved enriched technique T1027.001
2025-02-28 11:07:30,159 - INFO - Saved enriched technique T1027.002
2025-02-28 11:08:22,558 - INFO - Saved enriched technique T1027.003
2025-02-28 11:09:13,695 - INFO - Saved enriched technique T1027.004
2025-02-28 11:10:06,549 - INFO - Saved enriched technique T1027.005
2025-02-28 11:11:04,758 - INFO - Saved enriched technique T1027.006
2025-02-28 11:12:02,084 - INFO - Saved enriched technique T1029
2025-02-28 11:12:59,705 - INFO - Saved enriched technique T1030
2025-02-28 11:14:00,349 - INFO - Saved enriched technique T1033
2025-02-28 11:15:02,289 - INFO - Saved enriched technique T1036
2025-02-28 11:15:55,733 - INFO - Saved enriched technique T1036.001
2025-02-28 11:16:46,624 - INFO - Saved enriched technique T1036.002
2025-02-28 11:17:39,508 - INFO - Saved enriched technique T1036.003
2025-02-28 11:18:31,246 - INFO - Saved enriched technique T1036.004
2025-02-28 11:19:22,228 - INFO - Saved enriched technique T1036.005
2025-02-28 11:20:12,831 - INFO - Saved enriched technique T1036.006
2025-02-28 11:21:12,356 - INFO - Saved enriched technique T1036.007
2025-02-28 11:22:09,399 - INFO - Saved enriched technique T1037
2025-02-28 11:23:06,303 - INFO - Saved enriched technique T1037.001
2025-02-28 11:24:03,812 - INFO - Saved enriched technique T1037.002
2025-02-28 11:25:00,355 - INFO - Saved enriched technique T1037.003
2025-02-28 11:25:57,642 - INFO - Saved enriched technique T1037.004
2025-02-28 11:26:48,652 - INFO - Saved enriched technique T1037.005
2025-02-28 11:27:39,679 - INFO - Saved enriched technique T1039
2025-02-28 11:28:31,906 - INFO - Saved enriched technique T1040
2025-02-28 11:29:24,583 - INFO - Saved enriched technique T1041
2025-02-28 11:30:15,956 - INFO - Saved enriched technique T1046
2025-02-28 11:31:18,386 - INFO - Saved enriched technique T1047
2025-02-28 11:32:17,053 - INFO - Saved enriched technique T1048
2025-02-28 11:33:14,277 - INFO - Saved enriched technique T1048.001
2025-02-28 11:34:11,925 - INFO - Saved enriched technique T1048.002
2025-02-28 11:35:10,393 - INFO - Saved enriched technique T1048.003
2025-02-28 11:36:10,707 - INFO - Saved enriched technique T1049
2025-02-28 11:37:03,419 - INFO - Saved enriched technique T1052
2025-02-28 11:37:54,046 - INFO - Saved enriched technique T1052.001
2025-02-28 11:38:47,967 - INFO - Saved enriched technique T1053
2025-02-28 11:39:38,188 - INFO - Saved enriched technique T1053.001
2025-02-28 11:40:29,346 - INFO - Saved enriched technique T1053.002
2025-02-28 11:41:21,099 - INFO - Saved enriched technique T1053.003
2025-02-28 11:42:24,259 - INFO - Saved enriched technique T1053.005
2025-02-28 11:43:21,088 - INFO - Saved enriched technique T1053.006
2025-02-28 11:44:17,534 - INFO - Saved enriched technique T1053.007
2025-02-28 11:45:18,453 - INFO - Saved enriched technique T1055
2025-02-28 11:46:18,161 - INFO - Saved enriched technique T1055.001
2025-02-28 11:47:13,735 - INFO - Saved enriched technique T1055.002
2025-02-28 11:48:04,788 - INFO - Saved enriched technique T1055.003
2025-02-28 11:48:55,095 - INFO - Saved enriched technique T1055.004
2025-02-28 11:49:45,587 - INFO - Saved enriched technique T1055.005
2025-02-28 11:50:35,766 - INFO - Saved enriched technique T1055.008
2025-02-28 11:51:26,288 - INFO - Saved enriched technique T1055.009
2025-02-28 11:52:21,158 - INFO - Saved enriched technique T1055.011
2025-02-28 11:53:19,336 - INFO - Saved enriched technique T1055.012
2025-02-28 11:54:16,231 - INFO - Saved enriched technique T1055.013
2025-02-28 11:55:13,761 - INFO - Saved enriched technique T1055.014
2025-02-28 11:56:12,156 - INFO - Saved enriched technique T1056
2025-02-28 11:57:10,596 - INFO - Saved enriched technique T1056.001
2025-02-28 11:58:03,590 - INFO - Saved enriched technique T1056.002
2025-02-28 11:58:53,810 - INFO - Saved enriched technique T1056.003
2025-02-28 11:59:43,930 - INFO - Saved enriched technique T1056.004
2025-02-28 12:00:37,661 - INFO - Saved enriched technique T1057
2025-02-28 12:01:36,921 - INFO - Saved enriched technique T1059
2025-02-28 12:02:59,061 - INFO - Saved enriched technique T1059.001
2025-02-28 12:04:08,202 - INFO - Saved enriched technique T1059.002
2025-02-28 12:05:07,768 - INFO - Saved enriched technique T1059.003
2025-02-28 12:06:06,383 - INFO - Saved enriched technique T1059.004
2025-02-28 12:07:05,808 - INFO - Saved enriched technique T1059.005
2025-02-28 12:08:03,457 - INFO - Saved enriched technique T1059.006
2025-02-28 12:08:57,852 - INFO - Saved enriched technique T1059.007
2025-02-28 12:09:48,649 - INFO - Saved enriched technique T1059.008
2025-02-28 12:10:41,545 - INFO - Saved enriched technique T1068
2025-02-28 12:11:32,885 - INFO - Saved enriched technique T1069
2025-02-28 12:12:24,877 - INFO - Saved enriched technique T1069.001
2025-02-28 12:13:24,890 - INFO - Saved enriched technique T1069.002
2025-02-28 12:14:30,120 - INFO - Saved enriched technique T1069.003
2025-02-28 12:15:29,493 - INFO - Saved enriched technique T1070
2025-02-28 12:16:28,873 - INFO - Saved enriched technique T1070.001
2025-02-28 12:17:27,522 - INFO - Saved enriched technique T1070.002
2025-02-28 12:18:26,294 - INFO - Saved enriched technique T1070.003
2025-02-28 12:19:24,557 - INFO - Saved enriched technique T1070.004
2025-02-28 12:20:15,694 - INFO - Saved enriched technique T1070.005
2025-02-28 12:21:06,979 - INFO - Saved enriched technique T1070.006
2025-02-28 12:22:00,935 - INFO - Saved enriched technique T1071
2025-02-28 12:22:55,011 - INFO - Saved enriched technique T1071.001
2025-02-28 12:23:47,356 - INFO - Saved enriched technique T1071.002
2025-02-28 12:24:44,821 - INFO - Saved enriched technique T1071.003
2025-02-28 12:25:44,172 - INFO - Saved enriched technique T1071.004
2025-02-28 12:26:41,586 - INFO - Saved enriched technique T1072
2025-02-28 12:27:38,430 - INFO - Saved enriched technique T1074
2025-02-28 12:28:36,646 - INFO - Saved enriched technique T1074.001
2025-02-28 12:29:31,677 - INFO - Saved enriched technique T1074.002
2025-02-28 12:30:25,631 - INFO - Saved enriched technique T1078
2025-02-28 12:31:16,675 - INFO - Saved enriched technique T1078.001
2025-02-28 12:32:08,000 - INFO - Saved enriched technique T1078.002
2025-02-28 12:32:59,257 - INFO - Saved enriched technique T1078.003
2025-02-28 12:33:52,249 - INFO - Saved enriched technique T1078.004
2025-02-28 12:34:49,837 - INFO - Saved enriched technique T1080
2025-02-28 12:35:53,253 - INFO - Saved enriched technique T1082
2025-02-28 12:36:54,495 - INFO - Saved enriched technique T1083
2025-02-28 12:37:54,649 - INFO - Saved enriched technique T1087
2025-02-28 12:38:53,228 - INFO - Saved enriched technique T1087.001
2025-02-28 12:39:52,701 - INFO - Saved enriched technique T1087.002
2025-02-28 12:40:43,049 - INFO - Saved enriched technique T1087.003
2025-02-28 12:41:33,615 - INFO - Saved enriched technique T1087.004
2025-02-28 12:42:25,951 - INFO - Saved enriched technique T1090
2025-02-28 12:43:16,564 - INFO - Saved enriched technique T1090.001
2025-02-28 12:44:06,894 - INFO - Saved enriched technique T1090.002
2025-02-28 12:45:01,348 - INFO - Saved enriched technique T1090.003
2025-02-28 12:45:58,621 - INFO - Saved enriched technique T1090.004
2025-02-28 12:46:56,033 - INFO - Saved enriched technique T1091
2025-02-28 12:47:53,292 - INFO - Saved enriched technique T1092
2025-02-28 12:48:51,186 - INFO - Saved enriched technique T1095
2025-02-28 12:49:51,158 - INFO - Saved enriched technique T1098
2025-02-28 12:50:46,123 - INFO - Saved enriched technique T1098.001
2025-02-28 12:51:36,522 - INFO - Saved enriched technique T1098.002
2025-02-28 12:52:27,392 - INFO - Saved enriched technique T1098.003
2025-02-28 12:53:17,402 - INFO - Saved enriched technique T1098.004
2025-02-28 12:54:08,891 - INFO - Saved enriched technique T1102
2025-02-28 12:55:00,343 - INFO - Saved enriched technique T1102.001
2025-02-28 12:55:58,274 - INFO - Saved enriched technique T1102.002
2025-02-28 12:56:55,831 - INFO - Saved enriched technique T1102.003
2025-02-28 12:57:53,622 - INFO - Saved enriched technique T1104
2025-02-28 12:59:00,115 - INFO - Saved enriched technique T1105
2025-02-28 12:59:59,548 - INFO - Saved enriched technique T1106
2025-02-28 13:00:56,326 - INFO - Saved enriched technique T1110
2025-02-28 13:01:47,606 - INFO - Saved enriched technique T1110.001
2025-02-28 13:02:38,099 - INFO - Saved enriched technique T1110.002
2025-02-28 13:03:28,884 - INFO - Saved enriched technique T1110.003
2025-02-28 13:04:19,280 - INFO - Saved enriched technique T1110.004
2025-02-28 13:05:09,499 - INFO - Saved enriched technique T1111
2025-02-28 13:06:14,900 - INFO - Saved enriched technique T1112
2025-02-28 13:07:13,679 - INFO - Saved enriched technique T1113
2025-02-28 13:08:11,127 - INFO - Saved enriched technique T1114
2025-02-28 13:09:08,117 - INFO - Saved enriched technique T1114.001
2025-02-28 13:10:04,191 - INFO - Saved enriched technique T1114.002
2025-02-28 13:11:00,301 - INFO - Saved enriched technique T1114.003
2025-02-28 13:11:53,392 - INFO - Saved enriched technique T1115
2025-02-28 13:12:45,684 - INFO - Saved enriched technique T1119
2025-02-28 13:13:36,604 - INFO - Saved enriched technique T1120
2025-02-28 13:14:27,355 - INFO - Saved enriched technique T1123
2025-02-28 13:15:19,463 - INFO - Saved enriched technique T1124
2025-02-28 13:16:10,873 - INFO - Saved enriched technique T1125
2025-02-28 13:17:10,633 - INFO - Saved enriched technique T1127
2025-02-28 13:18:07,713 - INFO - Saved enriched technique T1127.001
2025-02-28 13:19:05,589 - INFO - Saved enriched technique T1129
2025-02-28 13:20:03,578 - INFO - Saved enriched technique T1132
2025-02-28 13:21:00,474 - INFO - Saved enriched technique T1132.001
2025-02-28 13:21:56,253 - INFO - Saved enriched technique T1132.002
2025-02-28 13:22:48,330 - INFO - Saved enriched technique T1133
2025-02-28 13:23:38,918 - INFO - Saved enriched technique T1134
2025-02-28 13:24:29,988 - INFO - Saved enriched technique T1134.001
2025-02-28 13:25:21,915 - INFO - Saved enriched technique T1134.002
2025-02-28 13:26:12,502 - INFO - Saved enriched technique T1134.003
2025-02-28 13:27:06,602 - INFO - Saved enriched technique T1134.004
2025-02-28 13:28:04,086 - INFO - Saved enriched technique T1134.005
2025-02-28 13:29:02,736 - INFO - Saved enriched technique T1135
2025-02-28 13:30:00,514 - INFO - Saved enriched technique T1136
2025-02-28 13:30:59,953 - INFO - Saved enriched technique T1136.001
2025-02-28 13:31:57,726 - INFO - Saved enriched technique T1136.002
2025-02-28 13:32:52,247 - INFO - Saved enriched technique T1136.003
2025-02-28 13:33:43,325 - INFO - Saved enriched technique T1137
2025-02-28 13:34:33,649 - INFO - Saved enriched technique T1137.001
2025-02-28 13:35:24,584 - INFO - Saved enriched technique T1137.002
2025-02-28 13:36:15,612 - INFO - Saved enriched technique T1137.003
2025-02-28 13:37:06,541 - INFO - Saved enriched technique T1137.004
2025-02-28 13:38:03,952 - INFO - Saved enriched technique T1137.005
2025-02-28 13:39:02,181 - INFO - Saved enriched technique T1137.006
2025-02-28 13:40:02,890 - INFO - Saved enriched technique T1140
2025-02-28 13:40:59,931 - INFO - Saved enriched technique T1176
2025-02-28 13:41:57,183 - INFO - Saved enriched technique T1185
2025-02-28 13:42:56,167 - INFO - Saved enriched technique T1187
2025-02-28 13:43:46,882 - INFO - Saved enriched technique T1189
2025-02-28 13:44:45,704 - INFO - Saved enriched technique T1190
2025-02-28 13:45:38,864 - INFO - Saved enriched technique T1195
2025-02-28 13:46:29,539 - INFO - Saved enriched technique T1195.001
2025-02-28 13:47:20,374 - INFO - Saved enriched technique T1195.002
2025-02-28 13:48:13,951 - INFO - Saved enriched technique T1195.003
2025-02-28 13:49:13,786 - INFO - Saved enriched technique T1197
2025-02-28 13:50:10,916 - INFO - Saved enriched technique T1199
2025-02-28 13:51:08,676 - INFO - Saved enriched technique T1200
2025-02-28 13:52:06,946 - INFO - Saved enriched technique T1201
2025-02-28 13:53:07,507 - INFO - Saved enriched technique T1202
2025-02-28 13:54:02,523 - INFO - Saved enriched technique T1203
2025-02-28 13:54:56,528 - INFO - Saved enriched technique T1204
2025-02-28 13:55:47,422 - INFO - Saved enriched technique T1204.001
2025-02-28 13:56:41,950 - INFO - Saved enriched technique T1204.002
2025-02-28 13:57:33,117 - INFO - Saved enriched technique T1204.003
2025-02-28 13:58:23,711 - INFO - Saved enriched technique T1205
2025-02-28 13:59:22,102 - INFO - Saved enriched technique T1205.001
2025-02-28 14:00:19,371 - INFO - Saved enriched technique T1207
2025-02-28 14:01:17,074 - INFO - Saved enriched technique T1210
2025-02-28 14:02:14,077 - INFO - Saved enriched technique T1211
2025-02-28 14:03:13,556 - INFO - Saved enriched technique T1212
2025-02-28 14:04:10,155 - INFO - Saved enriched technique T1213
2025-02-28 14:05:01,524 - INFO - Saved enriched technique T1213.001
2025-02-28 14:05:51,628 - INFO - Saved enriched technique T1213.002
2025-02-28 14:06:42,412 - INFO - Saved enriched technique T1213.003
2025-02-28 14:07:35,073 - INFO - Saved enriched technique T1216
2025-02-28 14:08:26,324 - INFO - Saved enriched technique T1216.001
2025-02-28 14:09:20,159 - INFO - Saved enriched technique T1217
2025-02-28 14:10:29,279 - INFO - Saved enriched technique T1218
2025-02-28 14:11:27,019 - INFO - Saved enriched technique T1218.001
2025-02-28 14:12:23,952 - INFO - Saved enriched technique T1218.002
2025-02-28 14:13:21,348 - INFO - Saved enriched technique T1218.003
2025-02-28 14:14:18,308 - INFO - Saved enriched technique T1218.004
2025-02-28 14:15:12,597 - INFO - Saved enriched technique T1218.005
2025-02-28 14:16:05,113 - INFO - Saved enriched technique T1218.007
2025-02-28 14:16:56,126 - INFO - Saved enriched technique T1218.008
2025-02-28 14:17:47,792 - INFO - Saved enriched technique T1218.009
2025-02-28 14:18:41,772 - INFO - Saved enriched technique T1218.010
2025-02-28 14:19:38,542 - INFO - Saved enriched technique T1218.011
2025-02-28 14:20:36,451 - INFO - Saved enriched technique T1218.012
2025-02-28 14:21:32,853 - INFO - Saved enriched technique T1218.013
2025-02-28 14:22:29,535 - INFO - Saved enriched technique T1218.014
2025-02-28 14:23:30,127 - INFO - Saved enriched technique T1219
2025-02-28 14:24:27,264 - INFO - Saved enriched technique T1220
2025-02-28 14:25:23,353 - INFO - Saved enriched technique T1221
2025-02-28 14:26:14,327 - INFO - Saved enriched technique T1222
2025-02-28 14:27:05,799 - INFO - Saved enriched technique T1222.001
2025-02-28 14:27:57,386 - INFO - Saved enriched technique T1222.002
2025-02-28 14:28:48,273 - INFO - Saved enriched technique T1480
2025-02-28 14:29:38,800 - INFO - Saved enriched technique T1480.001
2025-02-28 14:30:34,955 - INFO - Saved enriched technique T1482
2025-02-28 14:31:32,397 - INFO - Saved enriched technique T1484
2025-02-28 14:32:29,637 - INFO - Saved enriched technique T1484.001
2025-02-28 14:33:26,281 - INFO - Saved enriched technique T1484.002
2025-02-28 14:34:24,485 - INFO - Saved enriched technique T1485
2025-02-28 14:35:23,346 - INFO - Saved enriched technique T1486
2025-02-28 14:36:19,464 - INFO - Saved enriched technique T1489
2025-02-28 14:37:14,743 - INFO - Saved enriched technique T1490
2025-02-28 14:38:05,659 - INFO - Saved enriched technique T1491
2025-02-28 14:38:57,116 - INFO - Saved enriched technique T1491.001
2025-02-28 14:39:48,362 - INFO - Saved enriched technique T1491.002
2025-02-28 14:40:38,795 - INFO - Saved enriched technique T1495
2025-02-28 14:41:36,856 - INFO - Saved enriched technique T1496
2025-02-28 14:42:37,403 - INFO - Saved enriched technique T1497
2025-02-28 14:43:38,921 - INFO - Saved enriched technique T1497.001
2025-02-28 14:44:40,083 - INFO - Saved enriched technique T1497.002
2025-02-28 14:45:41,068 - INFO - Saved enriched technique T1497.003
2025-02-28 14:46:42,316 - INFO - Saved enriched technique T1498
2025-02-28 14:47:44,139 - INFO - Saved enriched technique T1498.001
2025-02-28 14:48:45,575 - INFO - Saved enriched technique T1498.002
2025-02-28 14:49:46,968 - INFO - Saved enriched technique T1499
2025-02-28 14:50:44,301 - INFO - Saved enriched technique T1499.001
2025-02-28 14:51:37,449 - INFO - Saved enriched technique T1499.002
2025-02-28 14:52:35,316 - INFO - Saved enriched technique T1499.003
2025-02-28 14:53:33,280 - INFO - Saved enriched technique T1499.004
2025-02-28 14:54:30,062 - INFO - Saved enriched technique T1505
2025-02-28 14:55:26,160 - INFO - Saved enriched technique T1505.001
2025-02-28 14:56:24,450 - INFO - Saved enriched technique T1505.002
2025-02-28 14:57:22,414 - INFO - Saved enriched technique T1505.003
2025-02-28 14:58:14,016 - INFO - Saved enriched technique T1505.004
2025-02-28 14:59:05,593 - INFO - Saved enriched technique T1518
2025-02-28 14:59:58,151 - INFO - Saved enriched technique T1518.001
2025-02-28 15:00:48,658 - INFO - Saved enriched technique T1525
2025-02-28 15:01:39,225 - INFO - Saved enriched technique T1526
2025-02-28 15:02:37,033 - INFO - Saved enriched technique T1528
2025-02-28 15:03:36,437 - INFO - Saved enriched technique T1529
2025-02-28 15:04:33,564 - INFO - Saved enriched technique T1530
2025-02-28 15:05:31,006 - INFO - Saved enriched technique T1531
2025-02-28 15:06:27,700 - INFO - Saved enriched technique T1534
2025-02-28 15:07:24,498 - INFO - Saved enriched technique T1535
2025-02-28 15:08:16,814 - INFO - Saved enriched technique T1537
2025-02-28 15:09:07,309 - INFO - Saved enriched technique T1538
2025-02-28 15:09:57,580 - INFO - Saved enriched technique T1539
2025-02-28 15:10:47,984 - INFO - Saved enriched technique T1542
2025-02-28 15:11:38,018 - INFO - Saved enriched technique T1542.001
2025-02-28 15:12:28,598 - INFO - Saved enriched technique T1542.002
2025-02-28 15:13:26,381 - INFO - Saved enriched technique T1542.003
2025-02-28 15:14:23,193 - INFO - Saved enriched technique T1542.004
2025-02-28 15:15:19,261 - INFO - Saved enriched technique T1542.005
2025-02-28 15:16:17,355 - INFO - Saved enriched technique T1543
2025-02-28 15:17:14,241 - INFO - Saved enriched technique T1543.001
2025-02-28 15:18:11,523 - INFO - Saved enriched technique T1543.002
2025-02-28 15:19:08,270 - INFO - Saved enriched technique T1543.003
2025-02-28 15:19:59,722 - INFO - Saved enriched technique T1543.004
2025-02-28 15:20:50,930 - INFO - Saved enriched technique T1546
2025-02-28 15:21:41,802 - INFO - Saved enriched technique T1546.001
2025-02-28 15:22:32,544 - INFO - Saved enriched technique T1546.002
2025-02-28 15:23:27,613 - INFO - Saved enriched technique T1546.003
2025-02-28 15:24:24,840 - INFO - Saved enriched technique T1546.004
2025-02-28 15:25:21,255 - INFO - Saved enriched technique T1546.005
2025-02-28 15:26:18,587 - INFO - Saved enriched technique T1546.006
2025-02-28 15:27:15,331 - INFO - Saved enriched technique T1546.007
2025-02-28 15:28:14,511 - INFO - Saved enriched technique T1546.008
2025-02-28 15:29:08,596 - INFO - Saved enriched technique T1546.009
2025-02-28 15:29:58,961 - INFO - Saved enriched technique T1546.010
2025-02-28 15:30:50,249 - INFO - Saved enriched technique T1546.011
2025-02-28 15:31:40,658 - INFO - Saved enriched technique T1546.012
2025-02-28 15:32:31,692 - INFO - Saved enriched technique T1546.013
2025-02-28 15:33:22,582 - INFO - Saved enriched technique T1546.014
2025-02-28 15:34:19,310 - INFO - Saved enriched technique T1546.015
2025-02-28 15:35:17,379 - INFO - Saved enriched technique T1547
2025-02-28 15:36:17,944 - INFO - Saved enriched technique T1547.001
2025-02-28 15:37:15,555 - INFO - Saved enriched technique T1547.002
2025-02-28 15:38:12,781 - INFO - Saved enriched technique T1547.003
2025-02-28 15:39:10,884 - INFO - Saved enriched technique T1547.004
2025-02-28 15:40:04,432 - INFO - Saved enriched technique T1547.005
2025-02-28 15:40:55,825 - INFO - Saved enriched technique T1547.006
2025-02-28 15:41:46,246 - INFO - Saved enriched technique T1547.007
2025-02-28 15:42:36,385 - INFO - Saved enriched technique T1547.008
2025-02-28 15:43:27,328 - INFO - Saved enriched technique T1547.009
2025-02-28 15:44:18,274 - INFO - Saved enriched technique T1547.010
2025-02-28 15:45:16,213 - INFO - Saved enriched technique T1547.011
2025-02-28 15:46:12,884 - INFO - Saved enriched technique T1547.012
2025-02-28 15:47:09,545 - INFO - Saved enriched technique T1547.013
2025-02-28 15:48:06,894 - INFO - Saved enriched technique T1547.014
2025-02-28 15:49:03,721 - INFO - Saved enriched technique T1547.015
2025-02-28 15:50:00,847 - INFO - Saved enriched technique T1548
2025-02-28 15:50:52,041 - INFO - Saved enriched technique T1548.001
2025-02-28 15:51:48,546 - INFO - Saved enriched technique T1548.002
2025-02-28 15:52:38,851 - INFO - Saved enriched technique T1548.003
2025-02-28 15:53:29,416 - INFO - Saved enriched technique T1548.004
2025-02-28 15:54:20,168 - INFO - Saved enriched technique T1550
2025-02-28 15:55:13,812 - INFO - Saved enriched technique T1550.001
2025-02-28 15:56:11,862 - INFO - Saved enriched technique T1550.002
2025-02-28 15:57:10,433 - INFO - Saved enriched technique T1550.003
2025-02-28 15:58:08,204 - INFO - Saved enriched technique T1550.004
2025-02-28 15:59:06,254 - INFO - Saved enriched technique T1552
2025-02-28 16:00:05,162 - INFO - Saved enriched technique T1552.001
2025-02-28 16:00:59,737 - INFO - Saved enriched technique T1552.002
2025-02-28 16:01:51,200 - INFO - Saved enriched technique T1552.003
2025-02-28 16:02:44,007 - INFO - Saved enriched technique T1552.004
2025-02-28 16:03:34,371 - INFO - Saved enriched technique T1552.005
2025-02-28 16:04:26,135 - INFO - Saved enriched technique T1552.006
2025-02-28 16:05:16,491 - INFO - Saved enriched technique T1552.007
2025-02-28 16:06:14,059 - INFO - Saved enriched technique T1553
2025-02-28 16:07:10,486 - INFO - Saved enriched technique T1553.001
2025-02-28 16:08:08,718 - INFO - Saved enriched technique T1553.002
2025-02-28 16:09:05,233 - INFO - Saved enriched technique T1553.003
2025-02-28 16:10:02,440 - INFO - Saved enriched technique T1553.004
2025-02-28 16:10:58,993 - INFO - Saved enriched technique T1553.005
2025-02-28 16:11:52,094 - INFO - Saved enriched technique T1553.006
2025-02-28 16:12:42,585 - INFO - Saved enriched technique T1554
2025-02-28 16:13:34,257 - INFO - Saved enriched technique T1555
2025-02-28 16:14:24,655 - INFO - Saved enriched technique T1555.001
2025-02-28 16:15:14,525 - INFO - Saved enriched technique T1555.002
2025-02-28 16:16:09,177 - INFO - Saved enriched technique T1555.003
2025-02-28 16:17:07,170 - INFO - Saved enriched technique T1555.004
2025-02-28 16:18:04,458 - INFO - Saved enriched technique T1555.005
2025-02-28 16:19:03,217 - INFO - Saved enriched technique T1556
2025-02-28 16:20:00,172 - INFO - Saved enriched technique T1556.001
2025-02-28 16:20:57,207 - INFO - Saved enriched technique T1556.002
2025-02-28 16:21:53,547 - INFO - Saved enriched technique T1556.003
2025-02-28 16:22:44,051 - INFO - Saved enriched technique T1556.004
2025-02-28 16:23:34,978 - INFO - Saved enriched technique T1557
2025-02-28 16:24:26,158 - INFO - Saved enriched technique T1557.001
2025-02-28 16:25:16,057 - INFO - Saved enriched technique T1557.002
2025-02-28 16:26:06,475 - INFO - Saved enriched technique T1558
2025-02-28 16:27:01,145 - INFO - Saved enriched technique T1558.001
2025-02-28 16:27:58,020 - INFO - Saved enriched technique T1558.002
2025-02-28 16:28:57,140 - INFO - Saved enriched technique T1558.003
2025-02-28 16:29:54,564 - INFO - Saved enriched technique T1558.004
2025-02-28 16:30:51,368 - INFO - Saved enriched technique T1559
2025-02-28 16:31:48,225 - INFO - Saved enriched technique T1559.001
2025-02-28 16:32:42,478 - INFO - Saved enriched technique T1559.002
2025-02-28 16:33:33,556 - INFO - Saved enriched technique T1560
2025-02-28 16:34:26,135 - INFO - Saved enriched technique T1560.001
2025-02-28 16:35:16,423 - INFO - Saved enriched technique T1560.002
2025-02-28 16:36:06,167 - INFO - Saved enriched technique T1560.003
2025-02-28 16:36:56,462 - INFO - Saved enriched technique T1561
2025-02-28 16:37:55,021 - INFO - Saved enriched technique T1561.001
2025-02-28 16:38:52,450 - INFO - Saved enriched technique T1561.002
2025-02-28 16:39:51,704 - INFO - Saved enriched technique T1562
2025-02-28 16:40:58,458 - INFO - Saved enriched technique T1562.001
2025-02-28 16:41:56,947 - INFO - Saved enriched technique T1562.002
2025-02-28 16:42:53,337 - INFO - Saved enriched technique T1562.003
2025-02-28 16:43:45,257 - INFO - Saved enriched technique T1562.004
2025-02-28 16:44:36,041 - INFO - Saved enriched technique T1562.006
2025-02-28 16:45:26,821 - INFO - Saved enriched technique T1562.007
2025-02-28 16:46:17,287 - INFO - Saved enriched technique T1562.008
2025-02-28 16:47:07,244 - INFO - Saved enriched technique T1562.009
2025-02-28 16:48:01,820 - INFO - Saved enriched technique T1562.010
2025-02-28 16:48:58,934 - INFO - Saved enriched technique T1563
2025-02-28 16:49:56,039 - INFO - Saved enriched technique T1563.001
2025-02-28 16:50:52,499 - INFO - Saved enriched technique T1563.002
2025-02-28 16:51:50,089 - INFO - Saved enriched technique T1564
2025-02-28 16:52:47,288 - INFO - Saved enriched technique T1564.001
2025-02-28 16:53:41,905 - INFO - Saved enriched technique T1564.002
2025-02-28 16:54:33,108 - INFO - Saved enriched technique T1564.003
2025-02-28 16:55:25,318 - INFO - Saved enriched technique T1564.004
2025-02-28 16:56:15,830 - INFO - Saved enriched technique T1564.005
2025-02-28 16:57:06,360 - INFO - Saved enriched technique T1564.006
2025-02-28 16:57:57,027 - INFO - Saved enriched technique T1564.007
2025-02-28 16:58:54,330 - INFO - Saved enriched technique T1564.008
2025-02-28 16:59:52,178 - INFO - Saved enriched technique T1564.009
2025-02-28 17:00:49,411 - INFO - Saved enriched technique T1565
2025-02-28 17:01:47,816 - INFO - Saved enriched technique T1565.001
2025-02-28 17:02:45,591 - INFO - Saved enriched technique T1565.002
2025-02-28 17:03:42,831 - INFO - Saved enriched technique T1565.003
2025-02-28 17:04:36,921 - INFO - Saved enriched technique T1566
2025-02-28 17:05:29,346 - INFO - Saved enriched technique T1566.001
2025-02-28 17:06:19,535 - INFO - Saved enriched technique T1566.002
2025-02-28 17:07:09,711 - INFO - Saved enriched technique T1566.003
2025-02-28 17:08:01,075 - INFO - Saved enriched technique T1567
2025-02-28 17:08:53,357 - INFO - Saved enriched technique T1567.001
2025-02-28 17:09:53,303 - INFO - Saved enriched technique T1567.002
2025-02-28 17:10:50,540 - INFO - Saved enriched technique T1568
2025-02-28 17:11:47,296 - INFO - Saved enriched technique T1568.001
2025-02-28 17:12:44,545 - INFO - Saved enriched technique T1568.002
2025-02-28 17:13:41,197 - INFO - Saved enriched technique T1568.003
2025-02-28 17:14:38,559 - INFO - Saved enriched technique T1569
2025-02-28 17:15:28,517 - INFO - Saved enriched technique T1569.001
2025-02-28 17:16:23,996 - INFO - Saved enriched technique T1569.002
2025-02-28 17:17:14,638 - INFO - Saved enriched technique T1570
2025-02-28 17:18:05,615 - INFO - Saved enriched technique T1571
2025-02-28 17:18:57,552 - INFO - Saved enriched technique T1572
2025-02-28 17:19:54,645 - INFO - Saved enriched technique T1573
2025-02-28 17:20:52,546 - INFO - Saved enriched technique T1573.001
2025-02-28 17:21:49,319 - INFO - Saved enriched technique T1573.002
2025-02-28 17:22:47,827 - INFO - Saved enriched technique T1574
2025-02-28 17:23:46,672 - INFO - Saved enriched technique T1574.001
2025-02-28 17:24:47,745 - INFO - Saved enriched technique T1574.002
2025-02-28 17:25:39,323 - INFO - Saved enriched technique T1574.004
2025-02-28 17:26:29,770 - INFO - Saved enriched technique T1574.005
2025-02-28 17:27:21,304 - INFO - Saved enriched technique T1574.006
2025-02-28 17:28:12,050 - INFO - Saved enriched technique T1574.007
2025-02-28 17:29:02,682 - INFO - Saved enriched technique T1574.008
2025-02-28 17:29:54,307 - INFO - Saved enriched technique T1574.009
2025-02-28 17:30:52,401 - INFO - Saved enriched technique T1574.010
2025-02-28 17:31:49,536 - INFO - Saved enriched technique T1574.011
2025-02-28 17:32:46,061 - INFO - Saved enriched technique T1574.012
2025-02-28 17:33:42,952 - INFO - Saved enriched technique T1578
2025-02-28 17:34:39,769 - INFO - Saved enriched technique T1578.001
2025-02-28 17:35:35,724 - INFO - Saved enriched technique T1578.002
2025-02-28 17:36:26,238 - INFO - Saved enriched technique T1578.003
2025-02-28 17:37:16,455 - INFO - Saved enriched technique T1578.004
2025-02-28 17:38:06,664 - INFO - Saved enriched technique T1580
2025-02-28 17:38:57,322 - INFO - Saved enriched technique T1583
2025-02-28 17:39:48,069 - INFO - Saved enriched technique T1583.001
2025-02-28 17:40:42,287 - INFO - Saved enriched technique T1583.002
2025-02-28 17:41:40,034 - INFO - Saved enriched technique T1583.003
2025-02-28 17:42:37,455 - INFO - Saved enriched technique T1583.004
2025-02-28 17:43:34,983 - INFO - Saved enriched technique T1583.005
2025-02-28 17:44:32,537 - INFO - Saved enriched technique T1583.006
2025-02-28 17:45:29,261 - INFO - Saved enriched technique T1584
2025-02-28 17:46:24,154 - INFO - Saved enriched technique T1584.001
2025-02-28 17:47:14,163 - INFO - Saved enriched technique T1584.002
2025-02-28 17:48:04,223 - INFO - Saved enriched technique T1584.003
2025-02-28 17:48:53,984 - INFO - Saved enriched technique T1584.004
2025-02-28 17:49:43,875 - INFO - Saved enriched technique T1584.005
2025-02-28 17:50:34,317 - INFO - Saved enriched technique T1584.006
2025-02-28 17:51:30,032 - INFO - Saved enriched technique T1585
2025-02-28 17:52:26,145 - INFO - Saved enriched technique T1585.001
2025-02-28 17:53:22,464 - INFO - Saved enriched technique T1585.002
2025-02-28 17:54:19,576 - INFO - Saved enriched technique T1586
2025-02-28 17:55:17,021 - INFO - Saved enriched technique T1586.001
2025-02-28 17:56:13,479 - INFO - Saved enriched technique T1586.002
2025-02-28 17:57:06,710 - INFO - Saved enriched technique T1587
2025-02-28 17:57:58,540 - INFO - Saved enriched technique T1587.001
2025-02-28 17:58:48,867 - INFO - Saved enriched technique T1587.002
2025-02-28 17:59:39,962 - INFO - Saved enriched technique T1587.003
2025-02-28 18:00:31,103 - INFO - Saved enriched technique T1587.004
2025-02-28 18:01:22,579 - INFO - Saved enriched technique T1588
2025-02-28 18:02:21,145 - INFO - Saved enriched technique T1588.001
2025-02-28 18:03:19,543 - INFO - Saved enriched technique T1588.002
2025-02-28 18:04:16,396 - INFO - Saved enriched technique T1588.003
2025-02-28 18:05:13,516 - INFO - Saved enriched technique T1588.004
2025-02-28 18:06:09,801 - INFO - Saved enriched technique T1588.005
2025-02-28 18:07:07,676 - INFO - Saved enriched technique T1588.006
2025-02-28 18:07:59,931 - INFO - Saved enriched technique T1589
2025-02-28 18:08:50,841 - INFO - Saved enriched technique T1589.001
2025-02-28 18:09:41,111 - INFO - Saved enriched technique T1589.002
2025-02-28 18:10:31,527 - INFO - Saved enriched technique T1589.003
2025-02-28 18:11:22,055 - INFO - Saved enriched technique T1590
2025-02-28 18:12:15,452 - INFO - Saved enriched technique T1590.001
2025-02-28 18:13:12,543 - INFO - Saved enriched technique T1590.002
2025-02-28 18:14:08,519 - INFO - Saved enriched technique T1590.003
2025-02-28 18:15:05,534 - INFO - Saved enriched technique T1590.004
2025-02-28 18:16:02,367 - INFO - Saved enriched technique T1590.005
2025-02-28 18:16:58,790 - INFO - Saved enriched technique T1590.006
2025-02-28 18:17:53,951 - INFO - Saved enriched technique T1591
2025-02-28 18:18:44,117 - INFO - Saved enriched technique T1591.001
2025-02-28 18:19:34,764 - INFO - Saved enriched technique T1591.002
2025-02-28 18:20:25,966 - INFO - Saved enriched technique T1591.003
2025-02-28 18:21:16,345 - INFO - Saved enriched technique T1591.004
2025-02-28 18:22:07,350 - INFO - Saved enriched technique T1592
2025-02-28 18:23:03,304 - INFO - Saved enriched technique T1592.001
2025-02-28 18:24:00,577 - INFO - Saved enriched technique T1592.002
2025-02-28 18:24:56,807 - INFO - Saved enriched technique T1592.003
2025-02-28 18:25:54,127 - INFO - Saved enriched technique T1592.004
2025-02-28 18:26:50,401 - INFO - Saved enriched technique T1593
2025-02-28 18:27:41,815 - INFO - Saved enriched technique T1593.001
2025-02-28 18:28:31,911 - INFO - Saved enriched technique T1593.002
2025-02-28 18:29:22,035 - INFO - Saved enriched technique T1594
2025-02-28 18:30:13,120 - INFO - Saved enriched technique T1595
2025-02-28 18:31:03,593 - INFO - Saved enriched technique T1595.001
2025-02-28 18:31:57,144 - INFO - Saved enriched technique T1595.002
2025-02-28 18:32:49,594 - INFO - Saved enriched technique T1596
2025-02-28 18:33:46,853 - INFO - Saved enriched technique T1596.001
2025-02-28 18:34:43,075 - INFO - Saved enriched technique T1596.002
2025-02-28 18:35:39,839 - INFO - Saved enriched technique T1596.003
2025-02-28 18:36:34,064 - INFO - Saved enriched technique T1596.004
2025-02-28 18:37:24,162 - INFO - Saved enriched technique T1596.005
2025-02-28 18:38:14,745 - INFO - Saved enriched technique T1597
2025-02-28 18:39:04,802 - INFO - Saved enriched technique T1597.001
2025-02-28 18:39:55,780 - INFO - Saved enriched technique T1597.002
2025-02-28 18:40:46,808 - INFO - Saved enriched technique T1598
2025-02-28 18:41:37,912 - INFO - Saved enriched technique T1598.001
2025-02-28 18:42:28,699 - INFO - Saved enriched technique T1598.002
2025-02-28 18:43:21,120 - INFO - Saved enriched technique T1598.003
2025-02-28 18:44:19,375 - INFO - Saved enriched technique T1599
2025-02-28 18:45:16,696 - INFO - Saved enriched technique T1599.001
2025-02-28 18:46:10,977 - INFO - Saved enriched technique T1600
2025-02-28 18:47:00,697 - INFO - Saved enriched technique T1600.001
2025-02-28 18:47:51,037 - INFO - Saved enriched technique T1600.002
2025-02-28 18:48:41,160 - INFO - Saved enriched technique T1601
2025-02-28 18:49:31,606 - INFO - Saved enriched technique T1601.001
2025-02-28 18:50:21,659 - INFO - Saved enriched technique T1601.002
2025-02-28 18:51:12,841 - INFO - Saved enriched technique T1602
2025-02-28 18:52:03,190 - INFO - Saved enriched technique T1602.001
2025-02-28 18:52:53,100 - INFO - Saved enriched technique T1602.002
2025-02-28 18:53:45,740 - INFO - Saved enriched technique T1606
2025-02-28 18:54:40,786 - INFO - Saved enriched technique T1606.001
2025-02-28 18:55:31,849 - INFO - Saved enriched technique T1606.002
2025-02-28 18:56:22,336 - INFO - Saved enriched technique T1608
2025-02-28 18:57:12,535 - INFO - Saved enriched technique T1608.001
2025-02-28 18:58:02,800 - INFO - Saved enriched technique T1608.002
2025-02-28 18:58:52,945 - INFO - Saved enriched technique T1608.003
2025-02-28 18:59:43,346 - INFO - Saved enriched technique T1608.004
2025-02-28 19:00:34,644 - INFO - Saved enriched technique T1608.005
2025-02-28 19:01:25,408 - INFO - Saved enriched technique T1609
2025-02-28 19:02:16,043 - INFO - Saved enriched technique T1610
2025-02-28 19:03:06,654 - INFO - Saved enriched technique T1611
2025-02-28 19:04:01,699 - INFO - Saved enriched technique T1612
2025-02-28 19:04:54,334 - INFO - Saved enriched technique T1613
2025-02-28 19:05:44,912 - INFO - Saved enriched technique T1614
2025-02-28 19:06:35,845 - INFO - Saved enriched technique T1614.001
2025-02-28 19:07:26,034 - INFO - Saved enriched technique T1615
2025-02-28 19:08:16,378 - INFO - Saved enriched technique T1619
2025-02-28 19:09:06,253 - INFO - Saved enriched technique T1620
2025-02-28 19:09:06,254 - INFO - All techniques processed.
